[21:29:44] [ServerMain/INFO]: Environment: Environment[sessionHost=https://sessionserver.mojang.com, servicesHost=https://api.minecraftservices.com, name=PROD]
[21:29:48] [ServerMain/INFO]: Loaded 1290 recipes
[21:29:49] [ServerMain/INFO]: Loaded 1399 advancements
[21:29:50] [Server thread/INFO]: Starting minecraft server version 1.21
[21:29:50] [Server thread/INFO]: Loading properties
[21:29:50] [Server thread/INFO]: Default game type: SURVIVAL
[21:29:50] [Server thread/INFO]: Generating keypair
[21:29:50] [Server thread/INFO]: Starting Minecraft server on *:25565
[21:29:50] [Server thread/INFO]: Using epoll channel type
[21:29:50] [Server thread/WARN]: **** SERVER IS RUNNING IN OFFLINE/INSECURE MODE!
[21:29:50] [Server thread/WARN]: The server will make no attempt to authenticate usernames. Beware.
[21:29:50] [Server thread/WARN]: While this makes the game possible to play without internet access, it also opens up the ability for hackers to connect with any username they choose.
[21:29:50] [Server thread/WARN]: To change this, set "online-mode" to "true" in the server.properties file.
[21:29:50] [Server thread/INFO]: Preparing level "world"
[21:30:04] [Server thread/INFO]: Preparing start region for dimension minecraft:overworld
[21:30:05] [Worker-Main-1/INFO]: Preparing spawn area: 0%
[21:30:05] [Worker-Main-1/INFO]: Preparing spawn area: 0%
[21:30:05] [Worker-Main-1/INFO]: Preparing spawn area: 0%
[21:30:05] [Server thread/INFO]: Time elapsed: 1434 ms
[21:30:05] [Server thread/INFO]: Done (14.818s)! For help, type "help"
[21:30:13] [Server thread/INFO]: lautaaa09[/127.69.19.96:34021] logged in with entity id 38 at (134.19733388604942, 74.0, 2189.699999988079)
[21:30:13] [Server thread/INFO]: lautaaa09 joined the game
[21:30:15] [Server thread/WARN]: Can't keep up! Is the server overloaded? Running 2029ms or 40 ticks behind
[21:30:27] [Server thread/INFO]: [Not Secure] <lautaaa09> lautaaa09
[21:31:14] [Server thread/INFO]: lautaaa09 has made the advancement [Ice Bucket Challenge]
[21:38:25] [Server thread/INFO]: lautaaa09 lost connection: Disconnected
[21:38:25] [Server thread/INFO]: lautaaa09 left the game
[21:38:39] [Server thread/INFO]: lautaaa09[/127.69.19.96:45867] logged in with entity id 1426 at (68.30796641121832, 62.110764312744145, 1782.569352626408)
[21:38:39] [Server thread/INFO]: lautaaa09 joined the game
